  mian.cpp
E:\ToyRenderer\ToyRenderer\mian.cpp(71,36): warning C4244: “参数”: 从“t”转换到“t”，可能丢失数据
E:\ToyRenderer\ToyRenderer\mian.cpp(71,36): warning C4244:         with
E:\ToyRenderer\ToyRenderer\mian.cpp(71,36): warning C4244:         [
E:\ToyRenderer\ToyRenderer\mian.cpp(71,36): warning C4244:             t=int
E:\ToyRenderer\ToyRenderer\mian.cpp(71,36): warning C4244:         ]
E:\ToyRenderer\ToyRenderer\mian.cpp(71,36): warning C4244:         and
E:\ToyRenderer\ToyRenderer\mian.cpp(71,36): warning C4244:         [
E:\ToyRenderer\ToyRenderer\mian.cpp(71,36): warning C4244:             t=float
E:\ToyRenderer\ToyRenderer\mian.cpp(71,36): warning C4244:         ]
E:\ToyRenderer\ToyRenderer\mian.cpp(71,27): warning C4244: “参数”: 从“t”转换到“t”，可能丢失数据
E:\ToyRenderer\ToyRenderer\mian.cpp(71,27): warning C4244:         with
E:\ToyRenderer\ToyRenderer\mian.cpp(71,27): warning C4244:         [
E:\ToyRenderer\ToyRenderer\mian.cpp(71,27): warning C4244:             t=int
E:\ToyRenderer\ToyRenderer\mian.cpp(71,27): warning C4244:         ]
E:\ToyRenderer\ToyRenderer\mian.cpp(71,27): warning C4244:         and
E:\ToyRenderer\ToyRenderer\mian.cpp(71,27): warning C4244:         [
E:\ToyRenderer\ToyRenderer\mian.cpp(71,27): warning C4244:             t=float
E:\ToyRenderer\ToyRenderer\mian.cpp(71,27): warning C4244:         ]
E:\ToyRenderer\ToyRenderer\mian.cpp(71,18): warning C4244: “参数”: 从“t”转换到“t”，可能丢失数据
E:\ToyRenderer\ToyRenderer\mian.cpp(71,18): warning C4244:         with
E:\ToyRenderer\ToyRenderer\mian.cpp(71,18): warning C4244:         [
E:\ToyRenderer\ToyRenderer\mian.cpp(71,18): warning C4244:             t=int
E:\ToyRenderer\ToyRenderer\mian.cpp(71,18): warning C4244:         ]
E:\ToyRenderer\ToyRenderer\mian.cpp(71,18): warning C4244:         and
E:\ToyRenderer\ToyRenderer\mian.cpp(71,18): warning C4244:         [
E:\ToyRenderer\ToyRenderer\mian.cpp(71,18): warning C4244:             t=float
E:\ToyRenderer\ToyRenderer\mian.cpp(71,18): warning C4244:         ]
E:\ToyRenderer\ToyRenderer\mian.cpp(134,74): warning C4244: “参数”: 从“double”转换到“t”，可能丢失数据
E:\ToyRenderer\ToyRenderer\mian.cpp(134,74): warning C4244:         with
E:\ToyRenderer\ToyRenderer\mian.cpp(134,74): warning C4244:         [
E:\ToyRenderer\ToyRenderer\mian.cpp(134,74): warning C4244:             t=int
E:\ToyRenderer\ToyRenderer\mian.cpp(134,74): warning C4244:         ]
E:\ToyRenderer\ToyRenderer\mian.cpp(134,48): warning C4244: “参数”: 从“double”转换到“t”，可能丢失数据
E:\ToyRenderer\ToyRenderer\mian.cpp(134,48): warning C4244:         with
E:\ToyRenderer\ToyRenderer\mian.cpp(134,48): warning C4244:         [
E:\ToyRenderer\ToyRenderer\mian.cpp(134,48): warning C4244:             t=int
E:\ToyRenderer\ToyRenderer\mian.cpp(134,48): warning C4244:         ]
E:\ToyRenderer\ToyRenderer\mian.cpp(143,88): warning C4244: “参数”: 从“float”转换到“unsigned char”，可能丢失数据
E:\ToyRenderer\ToyRenderer\mian.cpp(143,71): warning C4244: “参数”: 从“float”转换到“unsigned char”，可能丢失数据
E:\ToyRenderer\ToyRenderer\mian.cpp(143,54): warning C4244: “参数”: 从“float”转换到“unsigned char”，可能丢失数据
  ToyRenderer.vcxproj -> E:\ToyRenderer\x64\Debug\ToyRenderer.exe
