e:\toyrenderer\toyrenderer\x64\debug\vc143.pdb
e:\toyrenderer\toyrenderer\x64\debug\vc143.idb
e:\toyrenderer\toyrenderer\x64\debug\tgaimage.obj
e:\toyrenderer\toyrenderer\x64\debug\mian.obj
e:\toyrenderer\toyrenderer\x64\debug\model.obj
e:\toyrenderer\toyrenderer\x64\debug\geometry.obj
e:\toyrenderer\toyrenderer\x64\debug\win32.obj
e:\toyrenderer\toyrenderer\x64\debug\camera.obj
e:\toyrenderer\toyrenderer\x64\debug\shader.obj
e:\toyrenderer\toyrenderer\x64\debug\pipeline.obj
e:\toyrenderer\x64\debug\toyrenderer.exe
e:\toyrenderer\toyrenderer\x64\debug\toyrenderer.ilk
e:\toyrenderer\x64\debug\toyrenderer.pdb
e:\toyrenderer\toyrenderer\x64\debug\toyrenderer.tlog\cl.command.1.tlog
e:\toyrenderer\toyrenderer\x64\debug\toyrenderer.tlog\cl.items.tlog
e:\toyrenderer\toyrenderer\x64\debug\toyrenderer.tlog\cl.read.1.tlog
e:\toyrenderer\toyrenderer\x64\debug\toyrenderer.tlog\cl.write.1.tlog
e:\toyrenderer\toyrenderer\x64\debug\toyrenderer.tlog\link.command.1.tlog
e:\toyrenderer\toyrenderer\x64\debug\toyrenderer.tlog\link.read.1.tlog
e:\toyrenderer\toyrenderer\x64\debug\toyrenderer.tlog\link.write.1.tlog
